Flow report for MathGameFinalProject
Thu Dec 15 12:52:27 2016
Quartus II 32-bit Version 12.1 Build 177 11/07/2012 SJ Web Edition


---------------------
; Table of Contents ;
---------------------
  1. Legal Notice
  2. Flow Summary
  3. Flow Settings
  4. Flow Non-Default Global Settings
  5. Flow Elapsed Time
  6. Flow OS Summary
  7. Flow Log



----------------
; Legal Notice ;
----------------
Copyright (C) 1991-2012 Altera Corporation
Your use of Altera Corporation's design tools, logic functions 
and other software and tools, and its AMPP partner logic 
functions, and any output files from any of the foregoing 
(including device programming or simulation files), and any 
associated documentation or information are expressly subject 
to the terms and conditions of the Altera Program License 
Subscription Agreement, Altera MegaCore Function License 
Agreement, or other applicable license agreement, including, 
without limitation, that your use is for the sole purpose of 
programming logic devices manufactured by Altera and sold by 
Altera or its authorized distributors.  Please refer to the 
applicable agreement for further details.



+-------------------------------------------------------------------------------+
; Flow Summary                                                                  ;
+------------------------------------+------------------------------------------+
; Flow Status                        ; Successful - Thu Dec 15 12:52:25 2016    ;
; Quartus II 32-bit Version          ; 12.1 Build 177 11/07/2012 SJ Web Edition ;
; Revision Name                      ; MathGameFinalProject                     ;
; Top-level Entity Name              ; MathGameFinalProject                     ;
; Family                             ; Cyclone II                               ;
; Device                             ; EP2C35F672C6                             ;
; Timing Models                      ; Final                                    ;
; Total logic elements               ; 397 / 33,216 ( 1 % )                     ;
;     Total combinational functions  ; 385 / 33,216 ( 1 % )                     ;
;     Dedicated logic registers      ; 175 / 33,216 ( < 1 % )                   ;
; Total registers                    ; 175                                      ;
; Total pins                         ; 83 / 475 ( 17 % )                        ;
; Total virtual pins                 ; 0                                        ;
; Total memory bits                  ; 0 / 483,840 ( 0 % )                      ;
; Embedded Multiplier 9-bit elements ; 0 / 70 ( 0 % )                           ;
; Total PLLs                         ; 0 / 4 ( 0 % )                            ;
+------------------------------------+------------------------------------------+


+------------------------------------------+
; Flow Settings                            ;
+-------------------+----------------------+
; Option            ; Setting              ;
+-------------------+----------------------+
; Start date & time ; 12/15/2016 12:52:05  ;
; Main task         ; Compilation          ;
; Revision Name     ; MathGameFinalProject ;
+-------------------+----------------------+


+----------------------------------------------------------------------------------------------------------------------------+
; Flow Non-Default Global Settings                                                                                           ;
+-------------------------------------+-------------------------------------------+---------------+-------------+------------+
; Assignment Name                     ; Value                                     ; Default Value ; Entity Name ; Section Id ;
+-------------------------------------+-------------------------------------------+---------------+-------------+------------+
; COMPILER_SIGNATURE_ID               ; 203178705428811.148182432506368           ; --            ; --          ; --         ;
; IP_TOOL_NAME                        ; LPM_COUNTER                               ; --            ; --          ; --         ;
; IP_TOOL_NAME                        ; LPM_CONSTANT                              ; --            ; --          ; --         ;
; IP_TOOL_VERSION                     ; 12.1                                      ; --            ; --          ; --         ;
; IP_TOOL_VERSION                     ; 12.1                                      ; --            ; --          ; --         ;
; MAX_CORE_JUNCTION_TEMP              ; 85                                        ; --            ; --          ; --         ;
; MIN_CORE_JUNCTION_TEMP              ; 0                                         ; --            ; --          ; --         ;
; MISC_FILE                           ; output_files/lpm_counter333333.bsf        ; --            ; --          ; --         ;
; MISC_FILE                           ; output_files/lpm_counter333333.cmp        ; --            ; --          ; --         ;
; MISC_FILE                           ; output_files/lpm_constant055544447777.bsf ; --            ; --          ; --         ;
; MISC_FILE                           ; output_files/lpm_constant055544447777.cmp ; --            ; --          ; --         ;
; PARTITION_COLOR                     ; 16764057                                  ; --            ; --          ; Top        ;
; PARTITION_FITTER_PRESERVATION_LEVEL ; PLACEMENT_AND_ROUTING                     ; --            ; --          ; Top        ;
; PARTITION_NETLIST_TYPE              ; SOURCE                                    ; --            ; --          ; Top        ;
; POWER_BOARD_THERMAL_MODEL           ; None (CONSERVATIVE)                       ; --            ; --          ; --         ;
; POWER_PRESET_COOLING_SOLUTION       ; 23 MM HEAT SINK WITH 200 LFPM AIRFLOW     ; --            ; --          ; --         ;
; PROJECT_OUTPUT_DIRECTORY            ; output_files                              ; --            ; --          ; --         ;
; STATE_MACHINE_PROCESSING            ; One-Hot                                   ; Auto          ; --          ; --         ;
+-------------------------------------+-------------------------------------------+---------------+-------------+------------+


+-------------------------------------------------------------------------------------------------------------------------------+
; Flow Elapsed Time                                                                                                             ;
+---------------------------+--------------+-------------------------+---------------------+------------------------------------+
; Module Name               ; Elapsed Time ; Average Processors Used ; Peak Virtual Memory ; Total CPU Time (on all processors) ;
+---------------------------+--------------+-------------------------+---------------------+------------------------------------+
; Analysis & Synthesis      ; 00:00:06     ; 1.0                     ; 400 MB              ; 00:00:06                           ;
; Fitter                    ; 00:00:08     ; 1.0                     ; 466 MB              ; 00:00:08                           ;
; Assembler                 ; 00:00:02     ; 1.0                     ; 344 MB              ; 00:00:02                           ;
; TimeQuest Timing Analyzer ; 00:00:01     ; 1.0                     ; 322 MB              ; 00:00:01                           ;
; Total                     ; 00:00:17     ; --                      ; --                  ; 00:00:17                           ;
+---------------------------+--------------+-------------------------+---------------------+------------------------------------+


+----------------------------------------------------------------------------------------+
; Flow OS Summary                                                                        ;
+---------------------------+------------------+-----------+------------+----------------+
; Module Name               ; Machine Hostname ; OS Name   ; OS Version ; Processor type ;
+---------------------------+------------------+-----------+------------+----------------+
; Analysis & Synthesis      ; SHIN406-PC-04    ; Windows 7 ; 6.1        ; x86_64         ;
; Fitter                    ; SHIN406-PC-04    ; Windows 7 ; 6.1        ; x86_64         ;
; Assembler                 ; SHIN406-PC-04    ; Windows 7 ; 6.1        ; x86_64         ;
; TimeQuest Timing Analyzer ; SHIN406-PC-04    ; Windows 7 ; 6.1        ; x86_64         ;
+---------------------------+------------------+-----------+------------+----------------+


------------
; Flow Log ;
------------
quartus_map --read_settings_files=on --write_settings_files=off MathGameFinalProject -c MathGameFinalProject
quartus_fit --read_settings_files=off --write_settings_files=off MathGameFinalProject -c MathGameFinalProject
quartus_asm --read_settings_files=off --write_settings_files=off MathGameFinalProject -c MathGameFinalProject
quartus_sta MathGameFinalProject -c MathGameFinalProject



